# JRE version: OpenJDK Runtime Environment (17.0.6) (build 17.0.6+0-b2043.56-9586694)
# Java VM: OpenJDK 64-Bit Server VM (17.0.6+0-b2043.56-9586694, mixed mode, tiered, compressed oops, compressed class ptrs, g1 gc, windows-amd64)
GC Precious Log:
 CPUs: 4 total, 4 available
 Memory: 3895M
 Large Page Support: Disabled
 NUMA Support: Disabled
 Compressed Oops: Enabled (32-bit)
 Heap Region Size: 1M
 Heap Min Capacity: 8M
 Heap Initial Capacity: 62M
 Heap Max Capacity: 2G
 Pre-touch: Disabled
 Parallel Workers: 4
 Concurrent Workers: 1
 Concurrent Refinement Workers: 4
 Periodic GC: Disabled
Heap:
 garbage-first heap   total 76800K, used 32420K [0x0000000080000000, 0x0000000100000000)
  region size 1024K, 2 young (2048K), 2 survivors (2048K)
 Metaspace       used 44727K, committed 45184K, reserved 1089536K
  class space    used 5902K, committed 6080K, reserved 1048576K
GC Heap History (20 events):
Event: 6.493 GC heap after
{Heap after GC invocations=3 (full 0):
 garbage-first heap   total 63488K, used 11071K [0x0000000080000000, 0x0000000100000000)
  region size 1024K, 1 young (1024K), 1 survivors (1024K)
 Metaspace       used 11174K, committed 11392K, reserved 1064960K
  class space    used 1160K, committed 1280K, reserved 1048576K
}
Event: 9.118 GC heap before
{Heap before GC invocations=3 (full 0):
 garbage-first heap   total 63488K, used 41791K [0x0000000080000000, 0x0000000100000000)
  region size 1024K, 31 young (31744K), 1 survivors (1024K)
 Metaspace       used 18617K, committed 18816K, reserved 1073152K
  class space    used 2169K, committed 2240K, reserved 1048576K
}
Event: 9.165 GC heap after
{Heap after GC invocations=4 (full 0):
 garbage-first heap   total 63488K, used 17842K [0x0000000080000000, 0x0000000100000000)
  region size 1024K, 4 young (4096K), 4 survivors (4096K)
 Metaspace       used 18617K, committed 18816K, reserved 1073152K
  class space    used 2169K, committed 2240K, reserved 1048576K
}
Event: 9.679 GC heap before
{Heap before GC invocations=4 (full 0):
 garbage-first heap   total 63488K, used 27058K [0x0000000080000000, 0x0000000100000000)
  region size 1024K, 15 young (15360K), 4 survivors (4096K)
 Metaspace       used 21173K, committed 21504K, reserved 1073152K
  class space    used 2565K, committed 2688K, reserved 1048576K
}
Event: 9.690 GC heap after
{Heap after GC invocations=5 (full 0):
 garbage-first heap   total 76800K, used 18787K [0x0000000080000000, 0x0000000100000000)
  region size 1024K, 1 young (1024K), 1 survivors (1024K)
 Metaspace       used 21173K, committed 21504K, reserved 1073152K
  class space    used 2565K, committed 2688K, reserved 1048576K
}
Event: 10.922 GC heap before
{Heap before GC invocations=6 (full 0):
 garbage-first heap   total 68608K, used 47459K [0x0000000080000000, 0x0000000100000000)
  region size 1024K, 29 young (29696K), 1 survivors (1024K)
 Metaspace       used 25794K, committed 26112K, reserved 1073152K
  class space    used 3361K, committed 3520K, reserved 1048576K
}
Event: 10.931 GC heap after
{Heap after GC invocations=7 (full 0):
 garbage-first heap   total 68608K, used 20565K [0x0000000080000000, 0x0000000100000000)
  region size 1024K, 3 young (3072K), 3 survivors (3072K)
 Metaspace       used 25794K, committed 26112K, reserved 1073152K
  class space    used 3361K, committed 3520K, reserved 1048576K
}
Event: 10.955 GC heap before
{Heap before GC invocations=7 (full 0):
 garbage-first heap   total 68608K, used 21589K [0x0000000080000000, 0x0000000100000000)
  region size 1024K, 4 young (4096K), 3 survivors (3072K)
 Metaspace       used 25941K, committed 26240K, reserved 1073152K
  class space    used 3383K, committed 3520K, reserved 1048576K
}
Event: 10.959 GC heap after
{Heap after GC invocations=8 (full 0):
 garbage-first heap   total 68608K, used 20765K [0x0000000080000000, 0x0000000100000000)
  region size 1024K, 1 young (1024K), 1 survivors (1024K)
 Metaspace       used 25941K, committed 26240K, reserved 1073152K
  class space    used 3383K, committed 3520K, reserved 1048576K
}
Event: 12.006 GC heap before
{Heap before GC invocations=8 (full 0):
 garbage-first heap   total 68608K, used 47389K [0x0000000080000000, 0x0000000100000000)
  region size 1024K, 27 young (27648K), 1 survivors (1024K)
 Metaspace       used 29929K, committed 30208K, reserved 1081344K
  class space    used 4056K, committed 4160K, reserved 1048576K
}
Event: 12.015 GC heap after
{Heap after GC invocations=9 (full 0):
 garbage-first heap   total 68608K, used 21908K [0x0000000080000000, 0x0000000100000000)
  region size 1024K, 2 young (2048K), 2 survivors (2048K)
 Metaspace       used 29929K, committed 30208K, reserved 1081344K
  class space    used 4056K, committed 4160K, reserved 1048576K
}
Event: 13.288 GC heap before
{Heap before GC invocations=9 (full 0):
 garbage-first heap   total 68608K, used 49556K [0x0000000080000000, 0x0000000100000000)
  region size 1024K, 29 young (29696K), 2 survivors (2048K)
 Metaspace       used 34668K, committed 35008K, reserved 1081344K
  class space    used 4781K, committed 4928K, reserved 1048576K
}
Event: 13.309 GC heap after
{Heap after GC invocations=10 (full 0):
 garbage-first heap   total 68608K, used 23455K [0x0000000080000000, 0x0000000100000000)
  region size 1024K, 3 young (3072K), 3 survivors (3072K)
 Metaspace       used 34668K, committed 35008K, reserved 1081344K
  class space    used 4781K, committed 4928K, reserved 1048576K
}
Event: 13.492 GC heap before
{Heap before GC invocations=10 (full 0):
 garbage-first heap   total 68608K, used 27551K [0x0000000080000000, 0x0000000100000000)
  region size 1024K, 8 young (8192K), 3 survivors (3072K)
 Metaspace       used 35619K, committed 35968K, reserved 1081344K
  class space    used 4883K, committed 5056K, reserved 1048576K
}
Event: 13.505 GC heap after
{Heap after GC invocations=11 (full 0):
 garbage-first heap   total 68608K, used 24651K [0x0000000080000000, 0x0000000100000000)
  region size 1024K, 3 young (3072K), 3 survivors (3072K)
 Metaspace       used 35619K, committed 35968K, reserved 1081344K
  class space    used 4883K, committed 5056K, reserved 1048576K
}
Event: 14.446 GC heap before
{Heap before GC invocations=12 (full 0):
 garbage-first heap   total 68608K, used 49227K [0x0000000080000000, 0x0000000100000000)
  region size 1024K, 28 young (28672K), 3 survivors (3072K)
 Metaspace       used 40520K, committed 40832K, reserved 1089536K
  class space    used 5366K, committed 5504K, reserved 1048576K
}
Event: 14.460 GC heap after
{Heap after GC invocations=13 (full 0):
 garbage-first heap   total 68608K, used 28120K [0x0000000080000000, 0x0000000100000000)
  region size 1024K, 4 young (4096K), 4 survivors (4096K)
 Metaspace       used 40520K, committed 40832K, reserved 1089536K
  class space    used 5366K, committed 5504K, reserved 1048576K
}
Event: 15.430 GC heap before
{Heap before GC invocations=13 (full 0):
 garbage-first heap   total 68608K, used 54744K [0x0000000080000000, 0x0000000100000000)
  region size 1024K, 27 young (27648K), 4 survivors (4096K)
 Metaspace       used 42709K, committed 43072K, reserved 1089536K
  class space    used 5576K, committed 5696K, reserved 1048576K
}
Event: 15.454 GC heap after
{Heap after GC invocations=14 (full 0):
 garbage-first heap   total 68608K, used 30518K [0x0000000080000000, 0x0000000100000000)
  region size 1024K, 3 young (3072K), 3 survivors (3072K)
 Metaspace       used 42709K, committed 43072K, reserved 1089536K
  class space    used 5576K, committed 5696K, reserved 1048576K
}
Event: 16.428 GC heap before
{Heap before GC invocations=14 (full 0):
 garbage-first heap   total 68608K, used 53046K [0x0000000080000000, 0x0000000100000000)
  region size 1024K, 25 young (25600K), 3 survivors (3072K)
 Metaspace       used 44727K, committed 45184K, reserved 1089536K
  class space    used 5902K, committed 6080K, reserved 1048576K
}

