# JRE version: OpenJDK Runtime Environment (17.0.6) (build 17.0.6+0-b2043.56-9586694)
# Java VM: OpenJDK 64-Bit Server VM (17.0.6+0-b2043.56-9586694, mixed mode, tiered, compressed oops, compressed class ptrs, g1 gc, windows-amd64)
GC Precious Log:
 CPUs: 4 total, 4 available
 Memory: 3895M
 Large Page Support: Disabled
 NUMA Support: Disabled
 Compressed Oops: Enabled (32-bit)
 Heap Region Size: 1M
 Heap Min Capacity: 8M
 Heap Initial Capacity: 62M
 Heap Max Capacity: 2G
 Pre-touch: Disabled
 Parallel Workers: 4
 Concurrent Workers: 1
 Concurrent Refinement Workers: 4
 Periodic GC: Disabled
Heap:
 garbage-first heap   total 179200K, used 69951K [0x0000000080000000, 0x0000000100000000)
  region size 1024K, 9 young (9216K), 2 survivors (2048K)
 Metaspace       used 80820K, committed 81408K, reserved 1122304K
  class space    used 10987K, committed 11264K, reserved 1048576K
GC Heap History (20 events):
Event: 8.156 GC heap before
{Heap before GC invocations=24 (full 0):
 garbage-first heap   total 83968K, used 47510K [0x0000000080000000, 0x0000000100000000)
  region size 1024K, 4 young (4096K), 1 survivors (1024K)
 Metaspace       used 56665K, committed 57152K, reserved 1105920K
  class space    used 7461K, committed 7680K, reserved 1048576K
}
Event: 8.158 GC heap after
{Heap after GC invocations=25 (full 0):
 garbage-first heap   total 101376K, used 45160K [0x0000000080000000, 0x0000000100000000)
  region size 1024K, 1 young (1024K), 1 survivors (1024K)
 Metaspace       used 56665K, committed 57152K, reserved 1105920K
  class space    used 7461K, committed 7680K, reserved 1048576K
}
Event: 8.613 GC heap before
{Heap before GC invocations=25 (full 0):
 garbage-first heap   total 101376K, used 70760K [0x0000000080000000, 0x0000000100000000)
  region size 1024K, 26 young (26624K), 1 survivors (1024K)
 Metaspace       used 60981K, committed 61504K, reserved 1105920K
  class space    used 8083K, committed 8320K, reserved 1048576K
}
Event: 8.617 GC heap after
{Heap after GC invocations=26 (full 0):
 garbage-first heap   total 101376K, used 46375K [0x0000000080000000, 0x0000000100000000)
  region size 1024K, 2 young (2048K), 2 survivors (2048K)
 Metaspace       used 60981K, committed 61504K, reserved 1105920K
  class space    used 8083K, committed 8320K, reserved 1048576K
}
Event: 8.737 GC heap before
{Heap before GC invocations=26 (full 0):
 garbage-first heap   total 101376K, used 51495K [0x0000000080000000, 0x0000000100000000)
  region size 1024K, 8 young (8192K), 2 survivors (2048K)
 Metaspace       used 62513K, committed 62976K, reserved 1105920K
  class space    used 8255K, committed 8448K, reserved 1048576K
}
Event: 8.740 GC heap after
{Heap after GC invocations=27 (full 0):
 garbage-first heap   total 101376K, used 47603K [0x0000000080000000, 0x0000000100000000)
  region size 1024K, 4 young (4096K), 4 survivors (4096K)
 Metaspace       used 62513K, committed 62976K, reserved 1105920K
  class space    used 8255K, committed 8448K, reserved 1048576K
}
Event: 8.748 GC heap before
{Heap before GC invocations=27 (full 0):
 garbage-first heap   total 101376K, used 51699K [0x0000000080000000, 0x0000000100000000)
  region size 1024K, 8 young (8192K), 4 survivors (4096K)
 Metaspace       used 62513K, committed 62976K, reserved 1105920K
  class space    used 8255K, committed 8448K, reserved 1048576K
}
Event: 8.752 GC heap after
{Heap after GC invocations=28 (full 0):
 garbage-first heap   total 101376K, used 50475K [0x0000000080000000, 0x0000000100000000)
  region size 1024K, 4 young (4096K), 4 survivors (4096K)
 Metaspace       used 62513K, committed 62976K, reserved 1105920K
  class space    used 8255K, committed 8448K, reserved 1048576K
}
Event: 9.262 GC heap before
{Heap before GC invocations=29 (full 0):
 garbage-first heap   total 109568K, used 76075K [0x0000000080000000, 0x0000000100000000)
  region size 1024K, 24 young (24576K), 4 survivors (4096K)
 Metaspace       used 64122K, committed 64576K, reserved 1105920K
  class space    used 8451K, committed 8640K, reserved 1048576K
}
Event: 9.269 GC heap after
{Heap after GC invocations=30 (full 0):
 garbage-first heap   total 109568K, used 50115K [0x0000000080000000, 0x0000000100000000)
  region size 1024K, 2 young (2048K), 2 survivors (2048K)
 Metaspace       used 64122K, committed 64576K, reserved 1105920K
  class space    used 8451K, committed 8640K, reserved 1048576K
}
Event: 9.310 GC heap before
{Heap before GC invocations=30 (full 0):
 garbage-first heap   total 109568K, used 53187K [0x0000000080000000, 0x0000000100000000)
  region size 1024K, 5 young (5120K), 2 survivors (2048K)
 Metaspace       used 64441K, committed 64960K, reserved 1105920K
  class space    used 8497K, committed 8704K, reserved 1048576K
}
Event: 9.317 GC heap after
{Heap after GC invocations=31 (full 0):
 garbage-first heap   total 109568K, used 50019K [0x0000000080000000, 0x0000000100000000)
  region size 1024K, 1 young (1024K), 1 survivors (1024K)
 Metaspace       used 64441K, committed 64960K, reserved 1105920K
  class space    used 8497K, committed 8704K, reserved 1048576K
}
Event: 9.631 GC heap before
{Heap before GC invocations=31 (full 0):
 garbage-first heap   total 109568K, used 77667K [0x0000000080000000, 0x0000000100000000)
  region size 1024K, 28 young (28672K), 1 survivors (1024K)
 Metaspace       used 66694K, committed 67264K, reserved 1114112K
  class space    used 8768K, committed 9024K, reserved 1048576K
}
Event: 9.635 GC heap after
{Heap after GC invocations=32 (full 0):
 garbage-first heap   total 179200K, used 52354K [0x0000000080000000, 0x0000000100000000)
  region size 1024K, 3 young (3072K), 3 survivors (3072K)
 Metaspace       used 66694K, committed 67264K, reserved 1114112K
  class space    used 8768K, committed 9024K, reserved 1048576K
}
Event: 10.828 GC heap before
{Heap before GC invocations=33 (full 0):
 garbage-first heap   total 179200K, used 120962K [0x0000000080000000, 0x0000000100000000)
  region size 1024K, 69 young (70656K), 3 survivors (3072K)
 Metaspace       used 70784K, committed 71360K, reserved 1114112K
  class space    used 9469K, committed 9728K, reserved 1048576K
}
Event: 10.858 GC heap after
{Heap after GC invocations=34 (full 0):
 garbage-first heap   total 179200K, used 56822K [0x0000000080000000, 0x0000000100000000)
  region size 1024K, 8 young (8192K), 8 survivors (8192K)
 Metaspace       used 70784K, committed 71360K, reserved 1114112K
  class space    used 9469K, committed 9728K, reserved 1048576K
}
Event: 17.183 GC heap before
{Heap before GC invocations=34 (full 0):
 garbage-first heap   total 179200K, used 131574K [0x0000000080000000, 0x0000000100000000)
  region size 1024K, 81 young (82944K), 8 survivors (8192K)
 Metaspace       used 79931K, committed 80448K, reserved 1122304K
  class space    used 10876K, committed 11136K, reserved 1048576K
}
Event: 17.848 GC heap after
{Heap after GC invocations=35 (full 0):
 garbage-first heap   total 179200K, used 62169K [0x0000000080000000, 0x0000000100000000)
  region size 1024K, 10 young (10240K), 10 survivors (10240K)
 Metaspace       used 79931K, committed 80448K, reserved 1122304K
  class space    used 10876K, committed 11136K, reserved 1048576K
}
Event: 19.383 GC heap before
{Heap before GC invocations=35 (full 0):
 garbage-first heap   total 179200K, used 69337K [0x0000000080000000, 0x0000000100000000)
  region size 1024K, 17 young (17408K), 10 survivors (10240K)
 Metaspace       used 80515K, committed 81088K, reserved 1122304K
  class space    used 10949K, committed 11200K, reserved 1048576K
}
Event: 19.533 GC heap after
{Heap after GC invocations=36 (full 0):
 garbage-first heap   total 179200K, used 63807K [0x0000000080000000, 0x0000000100000000)
  region size 1024K, 2 young (2048K), 2 survivors (2048K)
 Metaspace       used 80515K, committed 81088K, reserved 1122304K
  class space    used 10949K, committed 11200K, reserved 1048576K
}

