# JRE version: OpenJDK Runtime Environment (17.0.6) (build 17.0.6+0-b2043.56-9586694)
# Java VM: OpenJDK 64-Bit Server VM (17.0.6+0-b2043.56-9586694, mixed mode, tiered, compressed oops, compressed class ptrs, g1 gc, windows-amd64)
GC Precious Log:
 CPUs: 4 total, 4 available
 Memory: 3895M
 Large Page Support: Disabled
 NUMA Support: Disabled
 Compressed Oops: Enabled (32-bit)
 Heap Region Size: 1M
 Heap Min Capacity: 8M
 Heap Initial Capacity: 62M
 Heap Max Capacity: 2G
 Pre-touch: Disabled
 Parallel Workers: 4
 Concurrent Workers: 1
 Concurrent Refinement Workers: 4
 Periodic GC: Disabled
Heap:
 garbage-first heap   total 195584K, used 89165K [0x0000000080000000, 0x0000000100000000)
  region size 1024K, 29 young (29696K), 4 survivors (4096K)
 Metaspace       used 81825K, committed 82368K, reserved 1122304K
  class space    used 11128K, committed 11392K, reserved 1048576K
GC Heap History (20 events):
Event: 5.980 GC heap before
{Heap before GC invocations=16 (full 0):
 garbage-first heap   total 76800K, used 59840K [0x0000000080000000, 0x0000000100000000)
  region size 1024K, 27 young (27648K), 3 survivors (3072K)
 Metaspace       used 51446K, committed 51840K, reserved 1097728K
  class space    used 6799K, committed 6976K, reserved 1048576K
}
Event: 5.987 GC heap after
{Heap after GC invocations=17 (full 0):
 garbage-first heap   total 92160K, used 37218K [0x0000000080000000, 0x0000000100000000)
  region size 1024K, 3 young (3072K), 3 survivors (3072K)
 Metaspace       used 51446K, committed 51840K, reserved 1097728K
  class space    used 6799K, committed 6976K, reserved 1048576K
}
Event: 6.582 GC heap before
{Heap before GC invocations=17 (full 0):
 garbage-first heap   total 92160K, used 74082K [0x0000000080000000, 0x0000000100000000)
  region size 1024K, 37 young (37888K), 3 survivors (3072K)
 Metaspace       used 54392K, committed 54848K, reserved 1097728K
  class space    used 7193K, committed 7360K, reserved 1048576K
}
Event: 6.589 GC heap after
{Heap after GC invocations=18 (full 0):
 garbage-first heap   total 92160K, used 45056K [0x0000000080000000, 0x0000000100000000)
  region size 1024K, 5 young (5120K), 5 survivors (5120K)
 Metaspace       used 54392K, committed 54848K, reserved 1097728K
  class space    used 7193K, committed 7360K, reserved 1048576K
}
Event: 7.289 GC heap before
{Heap before GC invocations=18 (full 0):
 garbage-first heap   total 92160K, used 70656K [0x0000000080000000, 0x0000000100000000)
  region size 1024K, 31 young (31744K), 5 survivors (5120K)
 Metaspace       used 58597K, committed 59072K, reserved 1105920K
  class space    used 7729K, committed 7936K, reserved 1048576K
}
Event: 7.298 GC heap after
{Heap after GC invocations=19 (full 0):
 garbage-first heap   total 92160K, used 46481K [0x0000000080000000, 0x0000000100000000)
  region size 1024K, 2 young (2048K), 2 survivors (2048K)
 Metaspace       used 58597K, committed 59072K, reserved 1105920K
  class space    used 7729K, committed 7936K, reserved 1048576K
}
Event: 7.623 GC heap before
{Heap before GC invocations=19 (full 0):
 garbage-first heap   total 92160K, used 64913K [0x0000000080000000, 0x0000000100000000)
  region size 1024K, 21 young (21504K), 2 survivors (2048K)
 Metaspace       used 62565K, committed 63040K, reserved 1105920K
  class space    used 8254K, committed 8448K, reserved 1048576K
}
Event: 7.628 GC heap after
{Heap after GC invocations=20 (full 0):
 garbage-first heap   total 92160K, used 48321K [0x0000000080000000, 0x0000000100000000)
  region size 1024K, 4 young (4096K), 4 survivors (4096K)
 Metaspace       used 62565K, committed 63040K, reserved 1105920K
  class space    used 8254K, committed 8448K, reserved 1048576K
}
Event: 7.927 GC heap before
{Heap before GC invocations=21 (full 0):
 garbage-first heap   total 114688K, used 78017K [0x0000000080000000, 0x0000000100000000)
  region size 1024K, 27 young (27648K), 4 survivors (4096K)
 Metaspace       used 64078K, committed 64512K, reserved 1105920K
  class space    used 8449K, committed 8640K, reserved 1048576K
}
Event: 7.937 GC heap after
{Heap after GC invocations=22 (full 0):
 garbage-first heap   total 114688K, used 50670K [0x0000000080000000, 0x0000000100000000)
  region size 1024K, 3 young (3072K), 3 survivors (3072K)
 Metaspace       used 64078K, committed 64512K, reserved 1105920K
  class space    used 8449K, committed 8640K, reserved 1048576K
}
Event: 7.962 GC heap before
{Heap before GC invocations=22 (full 0):
 garbage-first heap   total 114688K, used 52718K [0x0000000080000000, 0x0000000100000000)
  region size 1024K, 5 young (5120K), 3 survivors (3072K)
 Metaspace       used 64269K, committed 64768K, reserved 1105920K
  class space    used 8477K, committed 8704K, reserved 1048576K
}
Event: 7.965 GC heap after
{Heap after GC invocations=23 (full 0):
 garbage-first heap   total 138240K, used 50105K [0x0000000080000000, 0x0000000100000000)
  region size 1024K, 1 young (1024K), 1 survivors (1024K)
 Metaspace       used 64269K, committed 64768K, reserved 1105920K
  class space    used 8477K, committed 8704K, reserved 1048576K
}
Event: 8.626 GC heap before
{Heap before GC invocations=23 (full 0):
 garbage-first heap   total 138240K, used 97209K [0x0000000080000000, 0x0000000100000000)
  region size 1024K, 47 young (48128K), 1 survivors (1024K)
 Metaspace       used 67605K, committed 68096K, reserved 1114112K
  class space    used 8916K, committed 9152K, reserved 1048576K
}
Event: 8.637 GC heap after
{Heap after GC invocations=24 (full 0):
 garbage-first heap   total 138240K, used 53851K [0x0000000080000000, 0x0000000100000000)
  region size 1024K, 5 young (5120K), 5 survivors (5120K)
 Metaspace       used 67605K, committed 68096K, reserved 1114112K
  class space    used 8916K, committed 9152K, reserved 1048576K
}
Event: 9.406 GC heap before
{Heap before GC invocations=24 (full 0):
 garbage-first heap   total 138240K, used 101979K [0x0000000080000000, 0x0000000100000000)
  region size 1024K, 52 young (53248K), 5 survivors (5120K)
 Metaspace       used 70566K, committed 71104K, reserved 1114112K
  class space    used 9426K, committed 9664K, reserved 1048576K
}
Event: 9.427 GC heap after
{Heap after GC invocations=25 (full 0):
 garbage-first heap   total 138240K, used 57140K [0x0000000080000000, 0x0000000100000000)
  region size 1024K, 4 young (4096K), 4 survivors (4096K)
 Metaspace       used 70566K, committed 71104K, reserved 1114112K
  class space    used 9426K, committed 9664K, reserved 1048576K
}
Event: 10.810 GC heap before
{Heap before GC invocations=25 (full 0):
 garbage-first heap   total 138240K, used 106292K [0x0000000080000000, 0x0000000100000000)
  region size 1024K, 52 young (53248K), 4 survivors (4096K)
 Metaspace       used 75705K, committed 76288K, reserved 1122304K
  class space    used 10250K, committed 10496K, reserved 1048576K
}
Event: 10.828 GC heap after
{Heap after GC invocations=26 (full 0):
 garbage-first heap   total 138240K, used 60916K [0x0000000080000000, 0x0000000100000000)
  region size 1024K, 7 young (7168K), 7 survivors (7168K)
 Metaspace       used 75705K, committed 76288K, reserved 1122304K
  class space    used 10250K, committed 10496K, reserved 1048576K
}
Event: 12.019 GC heap before
{Heap before GC invocations=26 (full 0):
 garbage-first heap   total 138240K, used 108020K [0x0000000080000000, 0x0000000100000000)
  region size 1024K, 53 young (54272K), 7 survivors (7168K)
 Metaspace       used 81198K, committed 81792K, reserved 1122304K
  class space    used 11043K, committed 11328K, reserved 1048576K
}
Event: 12.081 GC heap after
{Heap after GC invocations=27 (full 0):
 garbage-first heap   total 195584K, used 64589K [0x0000000080000000, 0x0000000100000000)
  region size 1024K, 4 young (4096K), 4 survivors (4096K)
 Metaspace       used 81198K, committed 81792K, reserved 1122304K
  class space    used 11043K, committed 11328K, reserved 1048576K
}

