# JRE version: OpenJDK Runtime Environment (17.0.6) (build 17.0.6+0-b2043.56-9586694)
# Java VM: OpenJDK 64-Bit Server VM (17.0.6+0-b2043.56-9586694, mixed mode, tiered, compressed oops, compressed class ptrs, g1 gc, windows-amd64)
GC Precious Log:
 CPUs: 4 total, 4 available
 Memory: 3895M
 Large Page Support: Disabled
 NUMA Support: Disabled
 Compressed Oops: Enabled (32-bit)
 Heap Region Size: 1M
 Heap Min Capacity: 8M
 Heap Initial Capacity: 62M
 Heap Max Capacity: 2G
 Pre-touch: Disabled
 Parallel Workers: 4
 Concurrent Workers: 1
 Concurrent Refinement Workers: 4
 Periodic GC: Disabled
Heap:
 garbage-first heap   total 102400K, used 50771K [0x0000000080000000, 0x0000000100000000)
  region size 1024K, 2 young (2048K), 2 survivors (2048K)
 Metaspace       used 65273K, committed 65792K, reserved 1105920K
  class space    used 8604K, committed 8832K, reserved 1048576K
GC Heap History (20 events):
Event: 9.095 GC heap after
{Heap after GC invocations=16 (full 0):
 garbage-first heap   total 76800K, used 36020K [0x0000000080000000, 0x0000000100000000)
  region size 1024K, 4 young (4096K), 4 survivors (4096K)
 Metaspace       used 51338K, committed 51776K, reserved 1097728K
  class space    used 6793K, committed 6976K, reserved 1048576K
}
Event: 9.484 GC heap before
{Heap before GC invocations=16 (full 0):
 garbage-first heap   total 76800K, used 56500K [0x0000000080000000, 0x0000000100000000)
  region size 1024K, 24 young (24576K), 4 survivors (4096K)
 Metaspace       used 51909K, committed 52352K, reserved 1097728K
  class space    used 6842K, committed 7040K, reserved 1048576K
}
Event: 9.491 GC heap after
{Heap after GC invocations=17 (full 0):
 garbage-first heap   total 76800K, used 42418K [0x0000000080000000, 0x0000000100000000)
  region size 1024K, 4 young (4096K), 4 survivors (4096K)
 Metaspace       used 51909K, committed 52352K, reserved 1097728K
  class space    used 6842K, committed 7040K, reserved 1048576K
}
Event: 9.795 GC heap before
{Heap before GC invocations=18 (full 0):
 garbage-first heap   total 76800K, used 59826K [0x0000000080000000, 0x0000000100000000)
  region size 1024K, 21 young (21504K), 4 survivors (4096K)
 Metaspace       used 53930K, committed 54400K, reserved 1097728K
  class space    used 7128K, committed 7360K, reserved 1048576K
}
Event: 9.800 GC heap after
{Heap after GC invocations=19 (full 0):
 garbage-first heap   total 76800K, used 45059K [0x0000000080000000, 0x0000000100000000)
  region size 1024K, 3 young (3072K), 3 survivors (3072K)
 Metaspace       used 53930K, committed 54400K, reserved 1097728K
  class space    used 7128K, committed 7360K, reserved 1048576K
}
Event: 9.815 GC heap before
{Heap before GC invocations=19 (full 0):
 garbage-first heap   total 76800K, used 46083K [0x0000000080000000, 0x0000000100000000)
  region size 1024K, 4 young (4096K), 3 survivors (3072K)
 Metaspace       used 54064K, committed 54528K, reserved 1097728K
  class space    used 7149K, committed 7360K, reserved 1048576K
}
Event: 9.821 GC heap after
{Heap after GC invocations=20 (full 0):
 garbage-first heap   total 93184K, used 44808K [0x0000000080000000, 0x0000000100000000)
  region size 1024K, 1 young (1024K), 1 survivors (1024K)
 Metaspace       used 54064K, committed 54528K, reserved 1097728K
  class space    used 7149K, committed 7360K, reserved 1048576K
}
Event: 10.476 GC heap before
{Heap before GC invocations=20 (full 0):
 garbage-first heap   total 93184K, used 67336K [0x0000000080000000, 0x0000000100000000)
  region size 1024K, 23 young (23552K), 1 survivors (1024K)
 Metaspace       used 57848K, committed 58368K, reserved 1105920K
  class space    used 7625K, committed 7872K, reserved 1048576K
}
Event: 10.481 GC heap after
{Heap after GC invocations=21 (full 0):
 garbage-first heap   total 93184K, used 45510K [0x0000000080000000, 0x0000000100000000)
  region size 1024K, 1 young (1024K), 1 survivors (1024K)
 Metaspace       used 57848K, committed 58368K, reserved 1105920K
  class space    used 7625K, committed 7872K, reserved 1048576K
}
Event: 10.980 GC heap before
{Heap before GC invocations=22 (full 0):
 garbage-first heap   total 93184K, used 69062K [0x0000000080000000, 0x0000000100000000)
  region size 1024K, 24 young (24576K), 1 survivors (1024K)
 Metaspace       used 62426K, committed 62976K, reserved 1105920K
  class space    used 8251K, committed 8512K, reserved 1048576K
}
Event: 10.984 GC heap after
{Heap after GC invocations=23 (full 0):
 garbage-first heap   total 93184K, used 47685K [0x0000000080000000, 0x0000000100000000)
  region size 1024K, 3 young (3072K), 3 survivors (3072K)
 Metaspace       used 62426K, committed 62976K, reserved 1105920K
  class space    used 8251K, committed 8512K, reserved 1048576K
}
Event: 11.015 GC heap before
{Heap before GC invocations=23 (full 0):
 garbage-first heap   total 93184K, used 48709K [0x0000000080000000, 0x0000000100000000)
  region size 1024K, 4 young (4096K), 3 survivors (3072K)
 Metaspace       used 62471K, committed 63040K, reserved 1105920K
  class space    used 8256K, committed 8512K, reserved 1048576K
}
Event: 11.020 GC heap after
{Heap after GC invocations=24 (full 0):
 garbage-first heap   total 93184K, used 47087K [0x0000000080000000, 0x0000000100000000)
  region size 1024K, 1 young (1024K), 1 survivors (1024K)
 Metaspace       used 62471K, committed 63040K, reserved 1105920K
  class space    used 8256K, committed 8512K, reserved 1048576K
}
Event: 11.024 GC heap before
{Heap before GC invocations=24 (full 0):
 garbage-first heap   total 93184K, used 47087K [0x0000000080000000, 0x0000000100000000)
  region size 1024K, 2 young (2048K), 1 survivors (1024K)
 Metaspace       used 62477K, committed 63040K, reserved 1105920K
  class space    used 8258K, committed 8512K, reserved 1048576K
}
Event: 11.025 GC heap after
{Heap after GC invocations=25 (full 0):
 garbage-first heap   total 93184K, used 47441K [0x0000000080000000, 0x0000000100000000)
  region size 1024K, 1 young (1024K), 1 survivors (1024K)
 Metaspace       used 62477K, committed 63040K, reserved 1105920K
  class space    used 8258K, committed 8512K, reserved 1048576K
}
Event: 11.205 GC heap before
{Heap before GC invocations=26 (full 0):
 garbage-first heap   total 102400K, used 70993K [0x0000000080000000, 0x0000000100000000)
  region size 1024K, 18 young (18432K), 1 survivors (1024K)
 Metaspace       used 63255K, committed 63744K, reserved 1105920K
  class space    used 8370K, committed 8576K, reserved 1048576K
}
Event: 11.209 GC heap after
{Heap after GC invocations=27 (full 0):
 garbage-first heap   total 102400K, used 49179K [0x0000000080000000, 0x0000000100000000)
  region size 1024K, 3 young (3072K), 3 survivors (3072K)
 Metaspace       used 63255K, committed 63744K, reserved 1105920K
  class space    used 8370K, committed 8576K, reserved 1048576K
}
Event: 11.242 GC heap before
{Heap before GC invocations=27 (full 0):
 garbage-first heap   total 102400K, used 50203K [0x0000000080000000, 0x0000000100000000)
  region size 1024K, 5 young (5120K), 3 survivors (3072K)
 Metaspace       used 63537K, committed 64064K, reserved 1105920K
  class space    used 8400K, committed 8640K, reserved 1048576K
}
Event: 11.246 GC heap after
{Heap after GC invocations=28 (full 0):
 garbage-first heap   total 102400K, used 49132K [0x0000000080000000, 0x0000000100000000)
  region size 1024K, 1 young (1024K), 1 survivors (1024K)
 Metaspace       used 63537K, committed 64064K, reserved 1105920K
  class space    used 8400K, committed 8640K, reserved 1048576K
}
Event: 11.497 GC heap before
{Heap before GC invocations=28 (full 0):
 garbage-first heap   total 102400K, used 70636K [0x0000000080000000, 0x0000000100000000)
  region size 1024K, 22 young (22528K), 1 survivors (1024K)
 Metaspace       used 65273K, committed 65792K, reserved 1105920K
  class space    used 8604K, committed 8832K, reserved 1048576K
}

