# JRE version: OpenJDK Runtime Environment (17.0.6) (build 17.0.6+0-b2043.56-9586694)
# Java VM: OpenJDK 64-Bit Server VM (17.0.6+0-b2043.56-9586694, mixed mode, tiered, compressed oops, compressed class ptrs, g1 gc, windows-amd64)
GC Precious Log:
 CPUs: 4 total, 4 available
 Memory: 3895M
 Large Page Support: Disabled
 NUMA Support: Disabled
 Compressed Oops: Enabled (32-bit)
 Heap Region Size: 1M
 Heap Min Capacity: 8M
 Heap Initial Capacity: 62M
 Heap Max Capacity: 2G
 Pre-touch: Disabled
 Parallel Workers: 4
 Concurrent Workers: 1
 Concurrent Refinement Workers: 4
 Periodic GC: Disabled
Heap:
 garbage-first heap   total 114688K, used 65550K [0x0000000080000000, 0x0000000100000000)
  region size 1024K, 1 young (1024K), 1 survivors (1024K)
 Metaspace       used 81751K, committed 82368K, reserved 1122304K
  class space    used 11121K, committed 11392K, reserved 1048576K
GC Heap History (20 events):
Event: 14.787 GC heap after
{Heap after GC invocations=17 (full 0):
 garbage-first heap   total 95232K, used 45512K [0x0000000080000000, 0x0000000100000000)
  region size 1024K, 2 young (2048K), 2 survivors (2048K)
 Metaspace       used 58281K, committed 58816K, reserved 1105920K
  class space    used 7657K, committed 7872K, reserved 1048576K
}
Event: 15.022 GC heap before
{Heap before GC invocations=17 (full 0):
 garbage-first heap   total 95232K, used 52680K [0x0000000080000000, 0x0000000100000000)
  region size 1024K, 11 young (11264K), 2 survivors (2048K)
 Metaspace       used 60130K, committed 60608K, reserved 1105920K
  class space    used 7933K, committed 8192K, reserved 1048576K
}
Event: 15.027 GC heap after
{Heap after GC invocations=18 (full 0):
 garbage-first heap   total 95232K, used 45966K [0x0000000080000000, 0x0000000100000000)
  region size 1024K, 2 young (2048K), 2 survivors (2048K)
 Metaspace       used 60130K, committed 60608K, reserved 1105920K
  class space    used 7933K, committed 8192K, reserved 1048576K
}
Event: 15.495 GC heap before
{Heap before GC invocations=19 (full 0):
 garbage-first heap   total 95232K, used 80782K [0x0000000080000000, 0x0000000100000000)
  region size 1024K, 30 young (30720K), 2 survivors (2048K)
 Metaspace       used 63064K, committed 63552K, reserved 1105920K
  class space    used 8339K, committed 8576K, reserved 1048576K
}
Event: 15.504 GC heap after
{Heap after GC invocations=20 (full 0):
 garbage-first heap   total 95232K, used 49268K [0x0000000080000000, 0x0000000100000000)
  region size 1024K, 4 young (4096K), 4 survivors (4096K)
 Metaspace       used 63064K, committed 63552K, reserved 1105920K
  class space    used 8339K, committed 8576K, reserved 1048576K
}
Event: 15.517 GC heap before
{Heap before GC invocations=20 (full 0):
 garbage-first heap   total 95232K, used 49268K [0x0000000080000000, 0x0000000100000000)
  region size 1024K, 5 young (5120K), 4 survivors (4096K)
 Metaspace       used 63200K, committed 63680K, reserved 1105920K
  class space    used 8358K, committed 8576K, reserved 1048576K
}
Event: 15.527 GC heap after
{Heap after GC invocations=21 (full 0):
 garbage-first heap   total 114688K, used 49262K [0x0000000080000000, 0x0000000100000000)
  region size 1024K, 1 young (1024K), 1 survivors (1024K)
 Metaspace       used 63200K, committed 63680K, reserved 1105920K
  class space    used 8358K, committed 8576K, reserved 1048576K
}
Event: 16.329 GC heap before
{Heap before GC invocations=21 (full 0):
 garbage-first heap   total 114688K, used 90222K [0x0000000080000000, 0x0000000100000000)
  region size 1024K, 40 young (40960K), 1 survivors (1024K)
 Metaspace       used 66875K, committed 67392K, reserved 1114112K
  class space    used 8785K, committed 9024K, reserved 1048576K
}
Event: 16.336 GC heap after
{Heap after GC invocations=22 (full 0):
 garbage-first heap   total 114688K, used 52413K [0x0000000080000000, 0x0000000100000000)
  region size 1024K, 4 young (4096K), 4 survivors (4096K)
 Metaspace       used 66875K, committed 67392K, reserved 1114112K
  class space    used 8785K, committed 9024K, reserved 1048576K
}
Event: 16.729 GC heap before
{Heap before GC invocations=23 (full 0):
 garbage-first heap   total 114688K, used 90301K [0x0000000080000000, 0x0000000100000000)
  region size 1024K, 41 young (41984K), 4 survivors (4096K)
 Metaspace       used 67667K, committed 68224K, reserved 1114112K
  class space    used 8918K, committed 9152K, reserved 1048576K
}
Event: 16.739 GC heap after
{Heap after GC invocations=24 (full 0):
 garbage-first heap   total 114688K, used 54933K [0x0000000080000000, 0x0000000100000000)
  region size 1024K, 3 young (3072K), 3 survivors (3072K)
 Metaspace       used 67667K, committed 68224K, reserved 1114112K
  class space    used 8918K, committed 9152K, reserved 1048576K
}
Event: 17.408 GC heap before
{Heap before GC invocations=24 (full 0):
 garbage-first heap   total 114688K, used 90773K [0x0000000080000000, 0x0000000100000000)
  region size 1024K, 38 young (38912K), 3 survivors (3072K)
 Metaspace       used 71912K, committed 72512K, reserved 1114112K
  class space    used 9701K, committed 9984K, reserved 1048576K
}
Event: 17.418 GC heap after
{Heap after GC invocations=25 (full 0):
 garbage-first heap   total 114688K, used 57480K [0x0000000080000000, 0x0000000100000000)
  region size 1024K, 3 young (3072K), 3 survivors (3072K)
 Metaspace       used 71912K, committed 72512K, reserved 1114112K
  class space    used 9701K, committed 9984K, reserved 1048576K
}
Event: 18.516 GC heap before
{Heap before GC invocations=26 (full 0):
 garbage-first heap   total 114688K, used 91272K [0x0000000080000000, 0x0000000100000000)
  region size 1024K, 36 young (36864K), 3 survivors (3072K)
 Metaspace       used 75249K, committed 75840K, reserved 1122304K
  class space    used 10184K, committed 10432K, reserved 1048576K
}
Event: 18.532 GC heap after
{Heap after GC invocations=27 (full 0):
 garbage-first heap   total 114688K, used 60163K [0x0000000080000000, 0x0000000100000000)
  region size 1024K, 5 young (5120K), 5 survivors (5120K)
 Metaspace       used 75249K, committed 75840K, reserved 1122304K
  class space    used 10184K, committed 10432K, reserved 1048576K
}
Event: 19.632 GC heap before
{Heap before GC invocations=27 (full 0):
 garbage-first heap   total 114688K, used 92931K [0x0000000080000000, 0x0000000100000000)
  region size 1024K, 37 young (37888K), 5 survivors (5120K)
 Metaspace       used 79539K, committed 80064K, reserved 1122304K
  class space    used 10829K, committed 11072K, reserved 1048576K
}
Event: 19.686 GC heap after
{Heap after GC invocations=28 (full 0):
 garbage-first heap   total 114688K, used 62428K [0x0000000080000000, 0x0000000100000000)
  region size 1024K, 3 young (3072K), 3 survivors (3072K)
 Metaspace       used 79539K, committed 80064K, reserved 1122304K
  class space    used 10829K, committed 11072K, reserved 1048576K
}
Event: 20.962 GC heap before
{Heap before GC invocations=29 (full 0):
 garbage-first heap   total 114688K, used 93148K [0x0000000080000000, 0x0000000100000000)
  region size 1024K, 33 young (33792K), 3 survivors (3072K)
 Metaspace       used 81716K, committed 82304K, reserved 1122304K
  class space    used 11117K, committed 11392K, reserved 1048576K
}
Event: 20.977 GC heap after
{Heap after GC invocations=30 (full 0):
 garbage-first heap   total 114688K, used 65270K [0x0000000080000000, 0x0000000100000000)
  region size 1024K, 5 young (5120K), 5 survivors (5120K)
 Metaspace       used 81716K, committed 82304K, reserved 1122304K
  class space    used 11117K, committed 11392K, reserved 1048576K
}
Event: 21.107 GC heap before
{Heap before GC invocations=30 (full 0):
 garbage-first heap   total 114688K, used 66294K [0x0000000080000000, 0x0000000100000000)
  region size 1024K, 6 young (6144K), 5 survivors (5120K)
 Metaspace       used 81751K, committed 82368K, reserved 1122304K
  class space    used 11121K, committed 11392K, reserved 1048576K
}

