# JRE version: OpenJDK Runtime Environment (17.0.6) (build 17.0.6+0-b2043.56-9586694)
# Java VM: OpenJDK 64-Bit Server VM (17.0.6+0-b2043.56-9586694, mixed mode, tiered, compressed oops, compressed class ptrs, g1 gc, windows-amd64)
GC Precious Log:
 CPUs: 4 total, 4 available
 Memory: 3895M
 Large Page Support: Disabled
 NUMA Support: Disabled
 Compressed Oops: Enabled (32-bit)
 Heap Region Size: 1M
 Heap Min Capacity: 8M
 Heap Initial Capacity: 62M
 Heap Max Capacity: 2G
 Pre-touch: Disabled
 Parallel Workers: 4
 Concurrent Workers: 1
 Concurrent Refinement Workers: 4
 Periodic GC: Disabled
Heap:
 garbage-first heap   total 184320K, used 117749K [0x0000000080000000, 0x0000000100000000)
  region size 1024K, 61 young (62464K), 1 survivors (1024K)
 Metaspace       used 77768K, committed 78272K, reserved 1122304K
  class space    used 10573K, committed 10816K, reserved 1048576K
GC Heap History (20 events):
Event: 7.580 GC heap before
{Heap before GC invocations=13 (full 0):
 garbage-first heap   total 76800K, used 57579K [0x0000000080000000, 0x0000000100000000)
  region size 1024K, 29 young (29696K), 4 survivors (4096K)
 Metaspace       used 47317K, committed 47744K, reserved 1097728K
  class space    used 6204K, committed 6400K, reserved 1048576K
}
Event: 7.588 GC heap after
{Heap after GC invocations=14 (full 0):
 garbage-first heap   total 76800K, used 33760K [0x0000000080000000, 0x0000000100000000)
  region size 1024K, 2 young (2048K), 2 survivors (2048K)
 Metaspace       used 47317K, committed 47744K, reserved 1097728K
  class space    used 6204K, committed 6400K, reserved 1048576K
}
Event: 7.943 GC heap before
{Heap before GC invocations=14 (full 0):
 garbage-first heap   total 76800K, used 58336K [0x0000000080000000, 0x0000000100000000)
  region size 1024K, 27 young (27648K), 2 survivors (2048K)
 Metaspace       used 50590K, committed 51072K, reserved 1097728K
  class space    used 6708K, committed 6912K, reserved 1048576K
}
Event: 7.946 GC heap after
{Heap after GC invocations=15 (full 0):
 garbage-first heap   total 76800K, used 34572K [0x0000000080000000, 0x0000000100000000)
  region size 1024K, 3 young (3072K), 3 survivors (3072K)
 Metaspace       used 50590K, committed 51072K, reserved 1097728K
  class space    used 6708K, committed 6912K, reserved 1048576K
}
Event: 9.079 GC heap before
{Heap before GC invocations=15 (full 0):
 garbage-first heap   total 76800K, used 59148K [0x0000000080000000, 0x0000000100000000)
  region size 1024K, 28 young (28672K), 3 survivors (3072K)
 Metaspace       used 51778K, committed 52288K, reserved 1097728K
  class space    used 6825K, committed 7040K, reserved 1048576K
}
Event: 9.092 GC heap after
{Heap after GC invocations=16 (full 0):
 garbage-first heap   total 92160K, used 36178K [0x0000000080000000, 0x0000000100000000)
  region size 1024K, 3 young (3072K), 3 survivors (3072K)
 Metaspace       used 51778K, committed 52288K, reserved 1097728K
  class space    used 6825K, committed 7040K, reserved 1048576K
}
Event: 9.994 GC heap before
{Heap before GC invocations=16 (full 0):
 garbage-first heap   total 92160K, used 76114K [0x0000000080000000, 0x0000000100000000)
  region size 1024K, 40 young (40960K), 3 survivors (3072K)
 Metaspace       used 55882K, committed 56384K, reserved 1097728K
  class space    used 7392K, committed 7616K, reserved 1048576K
}
Event: 10.028 GC heap after
{Heap after GC invocations=17 (full 0):
 garbage-first heap   total 92160K, used 44515K [0x0000000080000000, 0x0000000100000000)
  region size 1024K, 5 young (5120K), 5 survivors (5120K)
 Metaspace       used 55882K, committed 56384K, reserved 1097728K
  class space    used 7392K, committed 7616K, reserved 1048576K
}
Event: 10.541 GC heap before
{Heap before GC invocations=17 (full 0):
 garbage-first heap   total 92160K, used 66019K [0x0000000080000000, 0x0000000100000000)
  region size 1024K, 27 young (27648K), 5 survivors (5120K)
 Metaspace       used 59963K, committed 60416K, reserved 1105920K
  class space    used 7909K, committed 8128K, reserved 1048576K
}
Event: 10.565 GC heap after
{Heap after GC invocations=18 (full 0):
 garbage-first heap   total 92160K, used 45771K [0x0000000080000000, 0x0000000100000000)
  region size 1024K, 1 young (1024K), 1 survivors (1024K)
 Metaspace       used 59963K, committed 60416K, reserved 1105920K
  class space    used 7909K, committed 8128K, reserved 1048576K
}
Event: 11.278 GC heap before
{Heap before GC invocations=19 (full 0):
 garbage-first heap   total 92160K, used 81611K [0x0000000080000000, 0x0000000100000000)
  region size 1024K, 30 young (30720K), 1 survivors (1024K)
 Metaspace       used 63156K, committed 63680K, reserved 1105920K
  class space    used 8356K, committed 8576K, reserved 1048576K
}
Event: 11.284 GC heap after
{Heap after GC invocations=20 (full 0):
 garbage-first heap   total 92160K, used 49278K [0x0000000080000000, 0x0000000100000000)
  region size 1024K, 4 young (4096K), 4 survivors (4096K)
 Metaspace       used 63156K, committed 63680K, reserved 1105920K
  class space    used 8356K, committed 8576K, reserved 1048576K
}
Event: 11.305 GC heap before
{Heap before GC invocations=20 (full 0):
 garbage-first heap   total 92160K, used 50302K [0x0000000080000000, 0x0000000100000000)
  region size 1024K, 5 young (5120K), 4 survivors (4096K)
 Metaspace       used 63324K, committed 63872K, reserved 1105920K
  class space    used 8369K, committed 8576K, reserved 1048576K
}
Event: 11.314 GC heap after
{Heap after GC invocations=21 (full 0):
 garbage-first heap   total 92160K, used 49458K [0x0000000080000000, 0x0000000100000000)
  region size 1024K, 1 young (1024K), 1 survivors (1024K)
 Metaspace       used 63324K, committed 63872K, reserved 1105920K
  class space    used 8369K, committed 8576K, reserved 1048576K
}
Event: 11.963 GC heap before
{Heap before GC invocations=21 (full 0):
 garbage-first heap   total 92160K, used 75058K [0x0000000080000000, 0x0000000100000000)
  region size 1024K, 26 young (26624K), 1 survivors (1024K)
 Metaspace       used 65405K, committed 65920K, reserved 1114112K
  class space    used 8610K, committed 8832K, reserved 1048576K
}
Event: 11.969 GC heap after
{Heap after GC invocations=22 (full 0):
 garbage-first heap   total 184320K, used 51184K [0x0000000080000000, 0x0000000100000000)
  region size 1024K, 3 young (3072K), 3 survivors (3072K)
 Metaspace       used 65405K, committed 65920K, reserved 1114112K
  class space    used 8610K, committed 8832K, reserved 1048576K
}
Event: 13.554 GC heap before
{Heap before GC invocations=23 (full 0):
 garbage-first heap   total 184320K, used 133104K [0x0000000080000000, 0x0000000100000000)
  region size 1024K, 82 young (83968K), 3 survivors (3072K)
 Metaspace       used 70977K, committed 71552K, reserved 1114112K
  class space    used 9499K, committed 9792K, reserved 1048576K
}
Event: 13.608 GC heap after
{Heap after GC invocations=24 (full 0):
 garbage-first heap   total 184320K, used 56453K [0x0000000080000000, 0x0000000100000000)
  region size 1024K, 8 young (8192K), 8 survivors (8192K)
 Metaspace       used 70977K, committed 71552K, reserved 1114112K
  class space    used 9499K, committed 9792K, reserved 1048576K
}
Event: 13.825 GC heap before
{Heap before GC invocations=24 (full 0):
 garbage-first heap   total 184320K, used 57477K [0x0000000080000000, 0x0000000100000000)
  region size 1024K, 9 young (9216K), 8 survivors (8192K)
 Metaspace       used 71123K, committed 71616K, reserved 1114112K
  class space    used 9544K, committed 9792K, reserved 1048576K
}
Event: 13.872 GC heap after
{Heap after GC invocations=25 (full 0):
 garbage-first heap   total 184320K, used 57333K [0x0000000080000000, 0x0000000100000000)
  region size 1024K, 1 young (1024K), 1 survivors (1024K)
 Metaspace       used 71123K, committed 71616K, reserved 1114112K
  class space    used 9544K, committed 9792K, reserved 1048576K
}

