# JRE version: OpenJDK Runtime Environment (17.0.6) (build 17.0.6+0-b2043.56-9586694)
# Java VM: OpenJDK 64-Bit Server VM (17.0.6+0-b2043.56-9586694, mixed mode, tiered, compressed oops, compressed class ptrs, g1 gc, windows-amd64)
GC Precious Log:
 CPUs: 4 total, 4 available
 Memory: 3895M
 Large Page Support: Disabled
 NUMA Support: Disabled
 Compressed Oops: Enabled (32-bit)
 Heap Region Size: 1M
 Heap Min Capacity: 8M
 Heap Initial Capacity: 62M
 Heap Max Capacity: 2G
 Pre-touch: Disabled
 Parallel Workers: 4
 Concurrent Workers: 1
 Concurrent Refinement Workers: 4
 Periodic GC: Disabled
Heap:
 garbage-first heap   total 232448K, used 113785K [0x0000000080000000, 0x0000000100000000)
  region size 1024K, 3 young (3072K), 3 survivors (3072K)
 Metaspace       used 94504K, committed 95232K, reserved 1138688K
  class space    used 12532K, committed 12864K, reserved 1048576K
GC Heap History (20 events):
Event: 16.448 GC heap after
{Heap after GC invocations=21 (full 0):
 garbage-first heap   total 126976K, used 54341K [0x0000000080000000, 0x0000000100000000)
  region size 1024K, 4 young (4096K), 4 survivors (4096K)
 Metaspace       used 67711K, committed 68352K, reserved 1114112K
  class space    used 8927K, committed 9216K, reserved 1048576K
}
Event: 17.276 GC heap before
{Heap before GC invocations=21 (full 0):
 garbage-first heap   total 126976K, used 99397K [0x0000000080000000, 0x0000000100000000)
  region size 1024K, 48 young (49152K), 4 survivors (4096K)
 Metaspace       used 72183K, committed 72768K, reserved 1114112K
  class space    used 9753K, committed 10048K, reserved 1048576K
}
Event: 17.293 GC heap after
{Heap after GC invocations=22 (full 0):
 garbage-first heap   total 164864K, used 57596K [0x0000000080000000, 0x0000000100000000)
  region size 1024K, 3 young (3072K), 3 survivors (3072K)
 Metaspace       used 72183K, committed 72768K, reserved 1114112K
  class space    used 9753K, committed 10048K, reserved 1048576K
}
Event: 19.188 GC heap before
{Heap before GC invocations=22 (full 0):
 garbage-first heap   total 164864K, used 125180K [0x0000000080000000, 0x0000000100000000)
  region size 1024K, 69 young (70656K), 3 survivors (3072K)
 Metaspace       used 80229K, committed 80832K, reserved 1122304K
  class space    used 10909K, committed 11200K, reserved 1048576K
}
Event: 19.279 GC heap after
{Heap after GC invocations=23 (full 0):
 garbage-first heap   total 164864K, used 62716K [0x0000000080000000, 0x0000000100000000)
  region size 1024K, 8 young (8192K), 8 survivors (8192K)
 Metaspace       used 80229K, committed 80832K, reserved 1122304K
  class space    used 10909K, committed 11200K, reserved 1048576K
}
Event: 21.221 GC heap before
{Heap before GC invocations=23 (full 0):
 garbage-first heap   total 164864K, used 128252K [0x0000000080000000, 0x0000000100000000)
  region size 1024K, 72 young (73728K), 8 survivors (8192K)
 Metaspace       used 82321K, committed 82944K, reserved 1122304K
  class space    used 11221K, committed 11520K, reserved 1048576K
}
Event: 21.321 GC heap after
{Heap after GC invocations=24 (full 0):
 garbage-first heap   total 164864K, used 71605K [0x0000000080000000, 0x0000000100000000)
  region size 1024K, 9 young (9216K), 9 survivors (9216K)
 Metaspace       used 82321K, committed 82944K, reserved 1122304K
  class space    used 11221K, committed 11520K, reserved 1048576K
}
Event: 24.467 GC heap before
{Heap before GC invocations=24 (full 0):
 garbage-first heap   total 164864K, used 127925K [0x0000000080000000, 0x0000000100000000)
  region size 1024K, 65 young (66560K), 9 survivors (9216K)
 Metaspace       used 86415K, committed 87104K, reserved 1130496K
  class space    used 11787K, committed 12096K, reserved 1048576K
}
Event: 24.609 GC heap after
{Heap after GC invocations=25 (full 0):
 garbage-first heap   total 164864K, used 76898K [0x0000000080000000, 0x0000000100000000)
  region size 1024K, 5 young (5120K), 5 survivors (5120K)
 Metaspace       used 86415K, committed 87104K, reserved 1130496K
  class space    used 11787K, committed 12096K, reserved 1048576K
}
Event: 27.554 GC heap before
{Heap before GC invocations=25 (full 0):
 garbage-first heap   total 164864K, used 127074K [0x0000000080000000, 0x0000000100000000)
  region size 1024K, 55 young (56320K), 5 survivors (5120K)
 Metaspace       used 89507K, committed 90112K, reserved 1130496K
  class space    used 12129K, committed 12416K, reserved 1048576K
}
Event: 27.812 GC heap after
{Heap after GC invocations=26 (full 0):
 garbage-first heap   total 222208K, used 86824K [0x0000000080000000, 0x0000000100000000)
  region size 1024K, 8 young (8192K), 8 survivors (8192K)
 Metaspace       used 89507K, committed 90112K, reserved 1130496K
  class space    used 12129K, committed 12416K, reserved 1048576K
}
Event: 31.190 GC heap before
{Heap before GC invocations=26 (full 0):
 garbage-first heap   total 222208K, used 152360K [0x0000000080000000, 0x0000000100000000)
  region size 1024K, 63 young (64512K), 8 survivors (8192K)
 Metaspace       used 90184K, committed 90880K, reserved 1130496K
  class space    used 12182K, committed 12544K, reserved 1048576K
}
Event: 31.301 GC heap after
{Heap after GC invocations=27 (full 0):
 garbage-first heap   total 222208K, used 102400K [0x0000000080000000, 0x0000000100000000)
  region size 1024K, 8 young (8192K), 8 survivors (8192K)
 Metaspace       used 90184K, committed 90880K, reserved 1130496K
  class space    used 12182K, committed 12544K, reserved 1048576K
}
Event: 31.440 GC heap before
{Heap before GC invocations=27 (full 0):
 garbage-first heap   total 222208K, used 112640K [0x0000000080000000, 0x0000000100000000)
  region size 1024K, 16 young (16384K), 8 survivors (8192K)
 Metaspace       used 90207K, committed 90944K, reserved 1130496K
  class space    used 12184K, committed 12544K, reserved 1048576K
}
Event: 31.482 GC heap after
{Heap after GC invocations=28 (full 0):
 garbage-first heap   total 222208K, used 111104K [0x0000000080000000, 0x0000000100000000)
  region size 1024K, 5 young (5120K), 5 survivors (5120K)
 Metaspace       used 90207K, committed 90944K, reserved 1130496K
  class space    used 12184K, committed 12544K, reserved 1048576K
}
Event: 36.571 GC heap before
{Heap before GC invocations=29 (full 0):
 garbage-first heap   total 232448K, used 165376K [0x0000000080000000, 0x0000000100000000)
  region size 1024K, 47 young (48128K), 5 survivors (5120K)
 Metaspace       used 93537K, committed 94208K, reserved 1130496K
  class space    used 12467K, committed 12800K, reserved 1048576K
}
Event: 36.748 GC heap after
{Heap after GC invocations=30 (full 0):
 garbage-first heap   total 232448K, used 111501K [0x0000000080000000, 0x0000000100000000)
  region size 1024K, 6 young (6144K), 6 survivors (6144K)
 Metaspace       used 93537K, committed 94208K, reserved 1130496K
  class space    used 12467K, committed 12800K, reserved 1048576K
}
Event: 37.116 GC heap before
{Heap before GC invocations=30 (full 0):
 garbage-first heap   total 232448K, used 116621K [0x0000000080000000, 0x0000000100000000)
  region size 1024K, 11 young (11264K), 6 survivors (6144K)
 Metaspace       used 93653K, committed 94336K, reserved 1130496K
  class space    used 12474K, committed 12800K, reserved 1048576K
}
Event: 37.159 GC heap after
{Heap after GC invocations=31 (full 0):
 garbage-first heap   total 232448K, used 112283K [0x0000000080000000, 0x0000000100000000)
  region size 1024K, 2 young (2048K), 2 survivors (2048K)
 Metaspace       used 93653K, committed 94336K, reserved 1130496K
  class space    used 12474K, committed 12800K, reserved 1048576K
}
Event: 39.182 GC heap before
{Heap before GC invocations=31 (full 0):
 garbage-first heap   total 232448K, used 168603K [0x0000000080000000, 0x0000000100000000)
  region size 1024K, 57 young (58368K), 2 survivors (2048K)
 Metaspace       used 94504K, committed 95232K, reserved 1138688K
  class space    used 12532K, committed 12864K, reserved 1048576K
}

