# JRE version: OpenJDK Runtime Environment (17.0.6) (build 17.0.6+0-b2043.56-9586694)
# Java VM: OpenJDK 64-Bit Server VM (17.0.6+0-b2043.56-9586694, mixed mode, tiered, compressed oops, compressed class ptrs, g1 gc, windows-amd64)
GC Precious Log:
 CPUs: 4 total, 4 available
 Memory: 3895M
 Large Page Support: Disabled
 NUMA Support: Disabled
 Compressed Oops: Enabled (32-bit)
 Heap Region Size: 1M
 Heap Min Capacity: 8M
 Heap Initial Capacity: 62M
 Heap Max Capacity: 2G
 Pre-touch: Disabled
 Parallel Workers: 4
 Concurrent Workers: 1
 Concurrent Refinement Workers: 4
 Periodic GC: Disabled
Heap:
 garbage-first heap   total 249856K, used 165022K [0x0000000080000000, 0x0000000100000000)
  region size 1024K, 29 young (29696K), 5 survivors (5120K)
 Metaspace       used 129942K, committed 130880K, reserved 1163264K
  class space    used 17513K, committed 17984K, reserved 1048576K
GC Heap History (20 events):
Event: 83.393 GC heap before
{Heap before GC invocations=49 (full 0):
 garbage-first heap   total 211968K, used 150309K [0x0000000080000000, 0x0000000100000000)
  region size 1024K, 49 young (50176K), 2 survivors (2048K)
 Metaspace       used 127608K, committed 128448K, reserved 1163264K
  class space    used 17405K, committed 17792K, reserved 1048576K
}
Event: 83.426 GC heap after
{Heap after GC invocations=50 (full 0):
 garbage-first heap   total 211968K, used 109894K [0x0000000080000000, 0x0000000100000000)
  region size 1024K, 8 young (8192K), 8 survivors (8192K)
 Metaspace       used 127608K, committed 128448K, reserved 1163264K
  class space    used 17405K, committed 17792K, reserved 1048576K
}
Event: 167.758 GC heap before
{Heap before GC invocations=51 (full 0):
 garbage-first heap   total 227328K, used 178502K [0x0000000080000000, 0x0000000100000000)
  region size 1024K, 68 young (69632K), 8 survivors (8192K)
 Metaspace       used 128179K, committed 129088K, reserved 1163264K
  class space    used 17423K, committed 17856K, reserved 1048576K
}
Event: 167.857 GC heap after
{Heap after GC invocations=52 (full 0):
 garbage-first heap   total 227328K, used 105485K [0x0000000080000000, 0x0000000100000000)
  region size 1024K, 3 young (3072K), 3 survivors (3072K)
 Metaspace       used 128179K, committed 129088K, reserved 1163264K
  class space    used 17423K, committed 17856K, reserved 1048576K
}
Event: 168.025 GC heap before
{Heap before GC invocations=52 (full 0):
 garbage-first heap   total 227328K, used 113677K [0x0000000080000000, 0x0000000100000000)
  region size 1024K, 11 young (11264K), 3 survivors (3072K)
 Metaspace       used 128217K, committed 129088K, reserved 1163264K
  class space    used 17423K, committed 17856K, reserved 1048576K
}
Event: 168.051 GC heap after
{Heap after GC invocations=53 (full 0):
 garbage-first heap   total 227328K, used 102786K [0x0000000080000000, 0x0000000100000000)
  region size 1024K, 1 young (1024K), 1 survivors (1024K)
 Metaspace       used 128217K, committed 129088K, reserved 1163264K
  class space    used 17423K, committed 17856K, reserved 1048576K
}
Event: 169.228 GC heap before
{Heap before GC invocations=53 (full 0):
 garbage-first heap   total 227328K, used 127362K [0x0000000080000000, 0x0000000100000000)
  region size 1024K, 26 young (26624K), 1 survivors (1024K)
 Metaspace       used 128451K, committed 129344K, reserved 1163264K
  class space    used 17428K, committed 17856K, reserved 1048576K
}
Event: 169.247 GC heap after
{Heap after GC invocations=54 (full 0):
 garbage-first heap   total 227328K, used 106465K [0x0000000080000000, 0x0000000100000000)
  region size 1024K, 5 young (5120K), 5 survivors (5120K)
 Metaspace       used 128451K, committed 129344K, reserved 1163264K
  class space    used 17428K, committed 17856K, reserved 1048576K
}
Event: 172.426 GC heap before
{Heap before GC invocations=55 (full 0):
 garbage-first heap   total 227328K, used 200673K [0x0000000080000000, 0x0000000100000000)
  region size 1024K, 81 young (82944K), 5 survivors (5120K)
 Metaspace       used 128668K, committed 129472K, reserved 1163264K
  class space    used 17445K, committed 17856K, reserved 1048576K
}
Event: 172.463 GC heap after
{Heap after GC invocations=56 (full 0):
 garbage-first heap   total 227328K, used 112754K [0x0000000080000000, 0x0000000100000000)
  region size 1024K, 11 young (11264K), 11 survivors (11264K)
 Metaspace       used 128668K, committed 129472K, reserved 1163264K
  class space    used 17445K, committed 17856K, reserved 1048576K
}
Event: 172.464 GC heap before
{Heap before GC invocations=56 (full 0):
 garbage-first heap   total 227328K, used 112754K [0x0000000080000000, 0x0000000100000000)
  region size 1024K, 12 young (12288K), 11 survivors (11264K)
 Metaspace       used 128668K, committed 129472K, reserved 1163264K
  class space    used 17445K, committed 17856K, reserved 1048576K
}
Event: 172.491 GC heap after
{Heap after GC invocations=57 (full 0):
 garbage-first heap   total 227328K, used 107485K [0x0000000080000000, 0x0000000100000000)
  region size 1024K, 1 young (1024K), 1 survivors (1024K)
 Metaspace       used 128668K, committed 129472K, reserved 1163264K
  class space    used 17445K, committed 17856K, reserved 1048576K
}
Event: 172.679 GC heap before
{Heap before GC invocations=57 (full 0):
 garbage-first heap   total 227328K, used 119773K [0x0000000080000000, 0x0000000100000000)
  region size 1024K, 14 young (14336K), 1 survivors (1024K)
 Metaspace       used 128716K, committed 129600K, reserved 1163264K
  class space    used 17446K, committed 17856K, reserved 1048576K
}
Event: 172.685 GC heap after
{Heap after GC invocations=58 (full 0):
 garbage-first heap   total 227328K, used 107485K [0x0000000080000000, 0x0000000100000000)
  region size 1024K, 1 young (1024K), 1 survivors (1024K)
 Metaspace       used 128716K, committed 129600K, reserved 1163264K
  class space    used 17446K, committed 17856K, reserved 1048576K
}
Event: 598.825 GC heap before
{Heap before GC invocations=59 (full 0):
 garbage-first heap   total 227328K, used 196573K [0x0000000080000000, 0x0000000100000000)
  region size 1024K, 79 young (80896K), 1 survivors (1024K)
 Metaspace       used 129228K, committed 130240K, reserved 1163264K
  class space    used 17490K, committed 17984K, reserved 1048576K
}
Event: 598.952 GC heap after
{Heap after GC invocations=60 (full 0):
 garbage-first heap   total 227328K, used 120935K [0x0000000080000000, 0x0000000100000000)
  region size 1024K, 10 young (10240K), 10 survivors (10240K)
 Metaspace       used 129228K, committed 130240K, reserved 1163264K
  class space    used 17490K, committed 17984K, reserved 1048576K
}
Event: 599.059 GC heap before
{Heap before GC invocations=60 (full 0):
 garbage-first heap   total 227328K, used 121959K [0x0000000080000000, 0x0000000100000000)
  region size 1024K, 11 young (11264K), 10 survivors (10240K)
 Metaspace       used 129230K, committed 130240K, reserved 1163264K
  class space    used 17490K, committed 17984K, reserved 1048576K
}
Event: 599.191 GC heap after
{Heap after GC invocations=61 (full 0):
 garbage-first heap   total 227328K, used 119926K [0x0000000080000000, 0x0000000100000000)
  region size 1024K, 2 young (2048K), 2 survivors (2048K)
 Metaspace       used 129230K, committed 130240K, reserved 1163264K
  class space    used 17490K, committed 17984K, reserved 1048576K
}
Event: 606.702 GC heap before
{Heap before GC invocations=61 (full 0):
 garbage-first heap   total 227328K, used 151670K [0x0000000080000000, 0x0000000100000000)
  region size 1024K, 35 young (35840K), 2 survivors (2048K)
 Metaspace       used 129813K, committed 130752K, reserved 1163264K
  class space    used 17507K, committed 17984K, reserved 1048576K
}
Event: 606.767 GC heap after
{Heap after GC invocations=62 (full 0):
 garbage-first heap   total 227328K, used 123038K [0x0000000080000000, 0x0000000100000000)
  region size 1024K, 5 young (5120K), 5 survivors (5120K)
 Metaspace       used 129813K, committed 130752K, reserved 1163264K
  class space    used 17507K, committed 17984K, reserved 1048576K
}

